\BOOKMARK [0][-]{chapter.1}{\376\377\0001\000\040\000F\000i\000l\000e\000\040\000I\000n\000d\000e\000x}{}% 1
\BOOKMARK [1][-]{section.1.1}{\376\377\0001\000.\0001\000\040\000F\000i\000l\000e\000\040\000L\000i\000s\000t}{chapter.1}% 2
\BOOKMARK [0][-]{chapter.2}{\376\377\0002\000\040\000F\000i\000l\000e\000\040\000D\000o\000c\000u\000m\000e\000n\000t\000a\000t\000i\000o\000n}{}% 3
\BOOKMARK [1][-]{section.2.1}{\376\377\0002\000.\0001\000\040\000a\000r\000r\000a\000y\000s\000.\000h\000\040\000F\000i\000l\000e\000\040\000R\000e\000f\000e\000r\000e\000n\000c\000e}{chapter.2}% 4
\BOOKMARK [2][-]{subsection.2.1.1}{\376\377\0002\000.\0001\000.\0001\000\040\000D\000e\000t\000a\000i\000l\000e\000d\000\040\000D\000e\000s\000c\000r\000i\000p\000t\000i\000o\000n}{section.2.1}% 5
\BOOKMARK [2][-]{subsection.2.1.2}{\376\377\0002\000.\0001\000.\0002\000\040\000F\000u\000n\000c\000t\000i\000o\000n\000\040\000D\000o\000c\000u\000m\000e\000n\000t\000a\000t\000i\000o\000n}{section.2.1}% 6
\BOOKMARK [3][-]{subsubsection.2.1.2.1}{\376\377\0002\000.\0001\000.\0002\000.\0001\000\040\000b\000u\000b\000b\000l\000e\000S\000o\000r\000t\000\050\000\051}{subsection.2.1.2}% 7
\BOOKMARK [3][-]{subsubsection.2.1.2.2}{\376\377\0002\000.\0001\000.\0002\000.\0002\000\040\000l\000i\000n\000e\000a\000r\000S\000e\000a\000r\000c\000h\000\050\000\051}{subsection.2.1.2}% 8
\BOOKMARK [3][-]{subsubsection.2.1.2.3}{\376\377\0002\000.\0001\000.\0002\000.\0003\000\040\000p\000r\000i\000n\000t\000M\000a\000t\000r\000i\000x\000\050\000\051}{subsection.2.1.2}% 9
\BOOKMARK [3][-]{subsubsection.2.1.2.4}{\376\377\0002\000.\0001\000.\0002\000.\0004\000\040\000q\000u\000i\000c\000k\000S\000o\000r\000t\000\050\000\051}{subsection.2.1.2}% 10
\BOOKMARK [1][-]{section.2.2}{\376\377\0002\000.\0002\000\040\000c\000o\000n\000s\000t\000a\000n\000t\000s\000.\000h\000\040\000F\000i\000l\000e\000\040\000R\000e\000f\000e\000r\000e\000n\000c\000e}{chapter.2}% 11
\BOOKMARK [2][-]{subsection.2.2.1}{\376\377\0002\000.\0002\000.\0001\000\040\000D\000e\000t\000a\000i\000l\000e\000d\000\040\000D\000e\000s\000c\000r\000i\000p\000t\000i\000o\000n}{section.2.2}% 12
\BOOKMARK [2][-]{subsection.2.2.2}{\376\377\0002\000.\0002\000.\0002\000\040\000M\000a\000c\000r\000o\000\040\000D\000e\000f\000i\000n\000i\000t\000i\000o\000n\000\040\000D\000o\000c\000u\000m\000e\000n\000t\000a\000t\000i\000o\000n}{section.2.2}% 13
\BOOKMARK [3][-]{subsubsection.2.2.2.1}{\376\377\0002\000.\0002\000.\0002\000.\0001\000\040\000E\000Q\000U\000A\000L}{subsection.2.2.2}% 14
\BOOKMARK [3][-]{subsubsection.2.2.2.2}{\376\377\0002\000.\0002\000.\0002\000.\0002\000\040\000F\000A\000L\000S\000E}{subsection.2.2.2}% 15
\BOOKMARK [3][-]{subsubsection.2.2.2.3}{\376\377\0002\000.\0002\000.\0002\000.\0003\000\040\000G\000R\000E\000A\000T\000E\000R}{subsection.2.2.2}% 16
\BOOKMARK [3][-]{subsubsection.2.2.2.4}{\376\377\0002\000.\0002\000.\0002\000.\0004\000\040\000K\000E\000Y\000\137\000N\000O\000T\000\137\000F\000O\000U\000N\000D}{subsection.2.2.2}% 17
\BOOKMARK [3][-]{subsubsection.2.2.2.5}{\376\377\0002\000.\0002\000.\0002\000.\0005\000\040\000S\000M\000A\000L\000L\000E\000R}{subsection.2.2.2}% 18
\BOOKMARK [3][-]{subsubsection.2.2.2.6}{\376\377\0002\000.\0002\000.\0002\000.\0006\000\040\000S\000U\000C\000C\000E\000S\000S}{subsection.2.2.2}% 19
\BOOKMARK [3][-]{subsubsection.2.2.2.7}{\376\377\0002\000.\0002\000.\0002\000.\0007\000\040\000T\000R\000U\000E}{subsection.2.2.2}% 20
\BOOKMARK [3][-]{subsubsection.2.2.2.8}{\376\377\0002\000.\0002\000.\0002\000.\0008\000\040\000U\000N\000K\000N\000O\000W\000N\000\137\000S\000P\000E\000C}{subsection.2.2.2}% 21
\BOOKMARK [3][-]{subsubsection.2.2.2.9}{\376\377\0002\000.\0002\000.\0002\000.\0009\000\040\000U\000N\000S\000U\000P\000P\000O\000R\000T\000E\000D\000\137\000A\000R\000C\000H\000I\000T\000E\000C\000T\000U\000R\000E}{subsection.2.2.2}% 22
\BOOKMARK [1][-]{section.2.3}{\376\377\0002\000.\0003\000\040\000m\000y\000L\000i\000b\000r\000a\000r\000y\000.\000h\000\040\000F\000i\000l\000e\000\040\000R\000e\000f\000e\000r\000e\000n\000c\000e}{chapter.2}% 23
\BOOKMARK [2][-]{subsection.2.3.1}{\376\377\0002\000.\0003\000.\0001\000\040\000D\000e\000t\000a\000i\000l\000e\000d\000\040\000D\000e\000s\000c\000r\000i\000p\000t\000i\000o\000n}{section.2.3}% 24
\BOOKMARK [2][-]{subsection.2.3.2}{\376\377\0002\000.\0003\000.\0002\000\040\000M\000a\000c\000r\000o\000\040\000D\000e\000f\000i\000n\000i\000t\000i\000o\000n\000\040\000D\000o\000c\000u\000m\000e\000n\000t\000a\000t\000i\000o\000n}{section.2.3}% 25
\BOOKMARK [3][-]{subsubsection.2.3.2.1}{\376\377\0002\000.\0003\000.\0002\000.\0001\000\040\000N\000U\000L\000L\000\137\000P\000O\000I\000N\000T\000E\000R\000\137\000G\000I\000V\000E\000N}{subsection.2.3.2}% 26
\BOOKMARK [1][-]{section.2.4}{\376\377\0002\000.\0004\000\040\000s\000t\000r\000i\000n\000g\000s\000.\000h\000\040\000F\000i\000l\000e\000\040\000R\000e\000f\000e\000r\000e\000n\000c\000e}{chapter.2}% 27
\BOOKMARK [2][-]{subsection.2.4.1}{\376\377\0002\000.\0004\000.\0001\000\040\000D\000e\000t\000a\000i\000l\000e\000d\000\040\000D\000e\000s\000c\000r\000i\000p\000t\000i\000o\000n}{section.2.4}% 28
\BOOKMARK [2][-]{subsection.2.4.2}{\376\377\0002\000.\0004\000.\0002\000\040\000F\000u\000n\000c\000t\000i\000o\000n\000\040\000D\000o\000c\000u\000m\000e\000n\000t\000a\000t\000i\000o\000n}{section.2.4}% 29
\BOOKMARK [3][-]{subsubsection.2.4.2.1}{\376\377\0002\000.\0004\000.\0002\000.\0001\000\040\000c\000h\000a\000n\000g\000e\000L\000a\000s\000t\000C\000h\000a\000r\000a\000c\000t\000e\000r\000\050\000\051}{subsection.2.4.2}% 30
\BOOKMARK [3][-]{subsubsection.2.4.2.2}{\376\377\0002\000.\0004\000.\0002\000.\0002\000\040\000c\000o\000p\000y\000O\000f\000\050\000\051}{subsection.2.4.2}% 31
\BOOKMARK [3][-]{subsubsection.2.4.2.3}{\376\377\0002\000.\0004\000.\0002\000.\0003\000\040\000e\000n\000d\000s\000W\000i\000t\000h\000\050\000\051}{subsection.2.4.2}% 32
\BOOKMARK [3][-]{subsubsection.2.4.2.4}{\376\377\0002\000.\0004\000.\0002\000.\0004\000\040\000g\000e\000t\000L\000e\000n\000g\000t\000h\000\050\000\051}{subsection.2.4.2}% 33
\BOOKMARK [3][-]{subsubsection.2.4.2.5}{\376\377\0002\000.\0004\000.\0002\000.\0005\000\040\000g\000e\000t\000S\000t\000r\000i\000n\000g\000\050\000\051}{subsection.2.4.2}% 34
\BOOKMARK [1][-]{section.2.5}{\376\377\0002\000.\0005\000\040\000t\000y\000p\000e\000s\000.\000h\000\040\000F\000i\000l\000e\000\040\000R\000e\000f\000e\000r\000e\000n\000c\000e}{chapter.2}% 35
\BOOKMARK [2][-]{subsection.2.5.1}{\376\377\0002\000.\0005\000.\0001\000\040\000D\000e\000t\000a\000i\000l\000e\000d\000\040\000D\000e\000s\000c\000r\000i\000p\000t\000i\000o\000n}{section.2.5}% 36
\BOOKMARK [2][-]{subsection.2.5.2}{\376\377\0002\000.\0005\000.\0002\000\040\000T\000y\000p\000e\000d\000e\000f\000\040\000D\000o\000c\000u\000m\000e\000n\000t\000a\000t\000i\000o\000n}{section.2.5}% 37
\BOOKMARK [3][-]{subsubsection.2.5.2.1}{\376\377\0002\000.\0005\000.\0002\000.\0001\000\040\000b\000y\000t\000e}{subsection.2.5.2}% 38
\BOOKMARK [3][-]{subsubsection.2.5.2.2}{\376\377\0002\000.\0005\000.\0002\000.\0002\000\040\000s\000p\000e\000c\000\137\000t}{subsection.2.5.2}% 39
\BOOKMARK [1][-]{section.2.6}{\376\377\0002\000.\0006\000\040\000u\000t\000i\000l\000i\000t\000y\000.\000h\000\040\000F\000i\000l\000e\000\040\000R\000e\000f\000e\000r\000e\000n\000c\000e}{chapter.2}% 40
\BOOKMARK [2][-]{subsection.2.6.1}{\376\377\0002\000.\0006\000.\0001\000\040\000D\000e\000t\000a\000i\000l\000e\000d\000\040\000D\000e\000s\000c\000r\000i\000p\000t\000i\000o\000n}{section.2.6}% 41
\BOOKMARK [2][-]{subsection.2.6.2}{\376\377\0002\000.\0006\000.\0002\000\040\000F\000u\000n\000c\000t\000i\000o\000n\000\040\000D\000o\000c\000u\000m\000e\000n\000t\000a\000t\000i\000o\000n}{section.2.6}% 42
\BOOKMARK [3][-]{subsubsection.2.6.2.1}{\376\377\0002\000.\0006\000.\0002\000.\0001\000\040\000b\000y\000t\000e\000C\000m\000p\000\050\000\051}{subsection.2.6.2}% 43
\BOOKMARK [3][-]{subsubsection.2.6.2.2}{\376\377\0002\000.\0006\000.\0002\000.\0002\000\040\000c\000h\000a\000r\000C\000m\000p\000\050\000\051}{subsection.2.6.2}% 44
\BOOKMARK [3][-]{subsubsection.2.6.2.3}{\376\377\0002\000.\0006\000.\0002\000.\0003\000\040\000c\000h\000o\000o\000s\000e\000C\000m\000p\000\050\000\051}{subsection.2.6.2}% 45
\BOOKMARK [3][-]{subsubsection.2.6.2.4}{\376\377\0002\000.\0006\000.\0002\000.\0004\000\040\000d\000o\000u\000b\000l\000e\000C\000m\000p\000\050\000\051}{subsection.2.6.2}% 46
\BOOKMARK [3][-]{subsubsection.2.6.2.5}{\376\377\0002\000.\0006\000.\0002\000.\0005\000\040\000f\000a\000l\000s\000e\000I\000f\000T\000r\000u\000e\000\050\000\051}{subsection.2.6.2}% 47
\BOOKMARK [3][-]{subsubsection.2.6.2.6}{\376\377\0002\000.\0006\000.\0002\000.\0006\000\040\000f\000l\000o\000a\000t\000C\000m\000p\000\050\000\051}{subsection.2.6.2}% 48
\BOOKMARK [3][-]{subsubsection.2.6.2.7}{\376\377\0002\000.\0006\000.\0002\000.\0007\000\040\000i\000n\000t\000C\000m\000p\000\050\000\051}{subsection.2.6.2}% 49
\BOOKMARK [3][-]{subsubsection.2.6.2.8}{\376\377\0002\000.\0006\000.\0002\000.\0008\000\040\000p\000t\000r\000C\000m\000p\000\050\000\051}{subsection.2.6.2}% 50
\BOOKMARK [3][-]{subsubsection.2.6.2.9}{\376\377\0002\000.\0006\000.\0002\000.\0009\000\040\000s\000a\000f\000e\000r\000M\000a\000l\000l\000o\000c\000\050\000\051}{subsection.2.6.2}% 51
\BOOKMARK [3][-]{subsubsection.2.6.2.10}{\376\377\0002\000.\0006\000.\0002\000.\0001\0000\000\040\000s\000a\000f\000e\000r\000R\000e\000a\000l\000l\000o\000c\000\050\000\051}{subsection.2.6.2}% 52
\BOOKMARK [3][-]{subsubsection.2.6.2.11}{\376\377\0002\000.\0006\000.\0002\000.\0001\0001\000\040\000t\000r\000u\000e\000I\000f\000F\000a\000l\000s\000e\000\050\000\051}{subsection.2.6.2}% 53
\BOOKMARK [0][-]{section*.16}{\376\377\000I\000n\000d\000e\000x}{}% 54
